<?xml version="1.0" encoding="UTF-8"?>
<!-- Generated by org.testng.reporters.JUnitReportReporter -->
<testsuite hostname="DESKTOP-BAI8GB9" name="runners.TestRunner" tests="3" failures="0" timestamp="11 Mar 2021 18:33:48 GMT" time="7.063" errors="0">
  <testcase name="runScenario" time="1.893" classname="runners.TestRunner"/>
  <testcase name="runScenario" time="1.087" classname="runners.TestRunner"/>
  <testcase name="runScenario" time="4.083" classname="runners.TestRunner"/>
</testsuite> <!-- runners.TestRunner -->
